\BOOKMARK [0][-]{chapter.1}{\376\377\0001\000\040\000N\000a\000m\000e\000s\000p\000a\000c\000e\000\040\000I\000n\000d\000e\000x}{}% 1
\BOOKMARK [1][-]{section.1.1}{\376\377\0001\000.\0001\000\040\000P\000a\000c\000k\000a\000g\000e\000\040\000L\000i\000s\000t}{chapter.1}% 2
\BOOKMARK [0][-]{chapter.2}{\376\377\0002\000\040\000H\000i\000e\000r\000a\000r\000c\000h\000i\000c\000a\000l\000\040\000I\000n\000d\000e\000x}{}% 3
\BOOKMARK [1][-]{section.2.1}{\376\377\0002\000.\0001\000\040\000C\000l\000a\000s\000s\000\040\000H\000i\000e\000r\000a\000r\000c\000h\000y}{chapter.2}% 4
\BOOKMARK [0][-]{chapter.3}{\376\377\0003\000\040\000C\000l\000a\000s\000s\000\040\000I\000n\000d\000e\000x}{}% 5
\BOOKMARK [1][-]{section.3.1}{\376\377\0003\000.\0001\000\040\000C\000l\000a\000s\000s\000\040\000L\000i\000s\000t}{chapter.3}% 6
\BOOKMARK [0][-]{chapter.4}{\376\377\0004\000\040\000N\000a\000m\000e\000s\000p\000a\000c\000e\000\040\000D\000o\000c\000u\000m\000e\000n\000t\000a\000t\000i\000o\000n}{}% 7
\BOOKMARK [1][-]{section.4.1}{\376\377\0004\000.\0001\000\040\000A\000r\000d\000u\000i\000n\000o\000\137\000W\000P\000F\000\040\000N\000a\000m\000e\000s\000p\000a\000c\000e\000\040\000R\000e\000f\000e\000r\000e\000n\000c\000e}{chapter.4}% 8
\BOOKMARK [1][-]{section.4.2}{\376\377\0004\000.\0002\000\040\000A\000r\000d\000u\000i\000n\000o\000\137\000W\000P\000F\000.\000M\000o\000d\000e\000l\000s\000\040\000N\000a\000m\000e\000s\000p\000a\000c\000e\000\040\000R\000e\000f\000e\000r\000e\000n\000c\000e}{chapter.4}% 9
\BOOKMARK [1][-]{section.4.3}{\376\377\0004\000.\0003\000\040\000A\000r\000d\000u\000i\000n\000o\000\137\000W\000P\000F\000.\000U\000t\000i\000l\000s\000\040\000N\000a\000m\000e\000s\000p\000a\000c\000e\000\040\000R\000e\000f\000e\000r\000e\000n\000c\000e}{chapter.4}% 10
\BOOKMARK [1][-]{section.4.4}{\376\377\0004\000.\0004\000\040\000A\000r\000d\000u\000i\000n\000o\000\137\000W\000P\000F\000.\000V\000i\000e\000w\000M\000o\000d\000e\000l\000s\000\040\000N\000a\000m\000e\000s\000p\000a\000c\000e\000\040\000R\000e\000f\000e\000r\000e\000n\000c\000e}{chapter.4}% 11
\BOOKMARK [1][-]{section.4.5}{\376\377\0004\000.\0005\000\040\000A\000r\000d\000u\000i\000n\000o\000\137\000W\000P\000F\000.\000V\000i\000e\000w\000s\000\040\000N\000a\000m\000e\000s\000p\000a\000c\000e\000\040\000R\000e\000f\000e\000r\000e\000n\000c\000e}{chapter.4}% 12
\BOOKMARK [1][-]{section.4.6}{\376\377\0004\000.\0006\000\040\000X\000a\000m\000l\000G\000e\000n\000e\000r\000a\000t\000e\000d\000N\000a\000m\000e\000s\000p\000a\000c\000e\000\040\000N\000a\000m\000e\000s\000p\000a\000c\000e\000\040\000R\000e\000f\000e\000r\000e\000n\000c\000e}{chapter.4}% 13
\BOOKMARK [0][-]{chapter.5}{\376\377\0005\000\040\000C\000l\000a\000s\000s\000\040\000D\000o\000c\000u\000m\000e\000n\000t\000a\000t\000i\000o\000n}{}% 14
\BOOKMARK [1][-]{section.5.1}{\376\377\0005\000.\0001\000\040\000A\000r\000d\000u\000i\000n\000o\000\137\000W\000P\000F\000.\000A\000p\000p\000\040\000C\000l\000a\000s\000s\000\040\000R\000e\000f\000e\000r\000e\000n\000c\000e}{chapter.5}% 15
\BOOKMARK [2][-]{subsection.5.1.1}{\376\377\0005\000.\0001\000.\0001\000\040\000D\000e\000t\000a\000i\000l\000e\000d\000\040\000D\000e\000s\000c\000r\000i\000p\000t\000i\000o\000n}{section.5.1}% 16
\BOOKMARK [1][-]{section.5.2}{\376\377\0005\000.\0002\000\040\000A\000r\000d\000u\000i\000n\000o\000\137\000W\000P\000F\000.\000V\000i\000e\000w\000M\000o\000d\000e\000l\000s\000.\000B\000a\000s\000e\000V\000i\000e\000w\000M\000o\000d\000e\000l\000\040\000C\000l\000a\000s\000s\000\040\000R\000e\000f\000e\000r\000e\000n\000c\000e}{chapter.5}% 17
\BOOKMARK [2][-]{subsection.5.2.1}{\376\377\0005\000.\0002\000.\0001\000\040\000M\000e\000m\000b\000e\000r\000\040\000F\000u\000n\000c\000t\000i\000o\000n\000\040\000D\000o\000c\000u\000m\000e\000n\000t\000a\000t\000i\000o\000n}{section.5.2}% 18
\BOOKMARK [3][-]{subsubsection.5.2.1.1}{\376\377\0005\000.\0002\000.\0001\000.\0001\000\040\000O\000n\000P\000r\000o\000p\000e\000r\000t\000y\000C\000h\000a\000n\000g\000e\000d\000\050\000\051}{subsection.5.2.1}% 19
\BOOKMARK [3][-]{subsubsection.5.2.1.2}{\376\377\0005\000.\0002\000.\0001\000.\0002\000\040\000S\000e\000t\000P\000r\000o\000p\000e\000r\000t\000y\000<\000\040\000T\000\040\000>\000\050\000\051}{subsection.5.2.1}% 20
\BOOKMARK [1][-]{section.5.3}{\376\377\0005\000.\0003\000\040\000A\000r\000d\000u\000i\000n\000o\000\137\000W\000P\000F\000.\000M\000o\000d\000e\000l\000s\000.\000C\000O\000M\000\040\000C\000l\000a\000s\000s\000\040\000R\000e\000f\000e\000r\000e\000n\000c\000e}{chapter.5}% 21
\BOOKMARK [2][-]{subsection.5.3.1}{\376\377\0005\000.\0003\000.\0001\000\040\000C\000o\000n\000s\000t\000r\000u\000c\000t\000o\000r\000\040\000\046\000\040\000D\000e\000s\000t\000r\000u\000c\000t\000o\000r\000\040\000D\000o\000c\000u\000m\000e\000n\000t\000a\000t\000i\000o\000n}{section.5.3}% 22
\BOOKMARK [3][-]{subsubsection.5.3.1.1}{\376\377\0005\000.\0003\000.\0001\000.\0001\000\040\000C\000O\000M\000\050\000\051}{subsection.5.3.1}% 23
\BOOKMARK [2][-]{subsection.5.3.2}{\376\377\0005\000.\0003\000.\0002\000\040\000M\000e\000m\000b\000e\000r\000\040\000F\000u\000n\000c\000t\000i\000o\000n\000\040\000D\000o\000c\000u\000m\000e\000n\000t\000a\000t\000i\000o\000n}{section.5.3}% 24
\BOOKMARK [3][-]{subsubsection.5.3.2.1}{\376\377\0005\000.\0003\000.\0002\000.\0001\000\040\000E\000x\000t\000r\000a\000c\000t\000J\000s\000o\000n\000O\000b\000j\000e\000c\000t\000s\000\050\000\051}{subsection.5.3.2}% 25
\BOOKMARK [3][-]{subsubsection.5.3.2.2}{\376\377\0005\000.\0003\000.\0002\000.\0002\000\040\000L\000i\000s\000t\000O\000p\000e\000n\000P\000o\000r\000t\000s\000\050\000\051}{subsection.5.3.2}% 26
\BOOKMARK [3][-]{subsubsection.5.3.2.3}{\376\377\0005\000.\0003\000.\0002\000.\0003\000\040\000R\000e\000a\000d\000P\000i\000n\000C\000o\000n\000f\000i\000g\000u\000r\000a\000t\000i\000o\000n\000\050\000\051}{subsection.5.3.2}% 27
\BOOKMARK [3][-]{subsubsection.5.3.2.4}{\376\377\0005\000.\0003\000.\0002\000.\0004\000\040\000R\000e\000a\000d\000S\000e\000r\000i\000a\000l\000O\000u\000t\000p\000u\000t\000\050\000\051}{subsection.5.3.2}% 28
\BOOKMARK [3][-]{subsubsection.5.3.2.5}{\376\377\0005\000.\0003\000.\0002\000.\0005\000\040\000S\000e\000t\000B\000a\000u\000d\000r\000a\000t\000e\000\050\000\051}{subsection.5.3.2}% 29
\BOOKMARK [3][-]{subsubsection.5.3.2.6}{\376\377\0005\000.\0003\000.\0002\000.\0006\000\040\000S\000e\000t\000D\000a\000t\000a\000B\000i\000t\000s\000\050\000\051}{subsection.5.3.2}% 30
\BOOKMARK [3][-]{subsubsection.5.3.2.7}{\376\377\0005\000.\0003\000.\0002\000.\0007\000\040\000S\000e\000t\000P\000a\000r\000i\000t\000y\000\050\000\051}{subsection.5.3.2}% 31
\BOOKMARK [3][-]{subsubsection.5.3.2.8}{\376\377\0005\000.\0003\000.\0002\000.\0008\000\040\000W\000r\000i\000t\000e\000S\000e\000r\000i\000a\000l\000O\000u\000t\000p\000u\000t\000\050\000\051}{subsection.5.3.2}% 32
\BOOKMARK [1][-]{section.5.4}{\376\377\0005\000.\0004\000\040\000A\000r\000d\000u\000i\000n\000o\000\137\000W\000P\000F\000.\000V\000i\000e\000w\000s\000.\000C\000u\000s\000t\000o\000m\000P\000i\000n\000\040\000C\000l\000a\000s\000s\000\040\000R\000e\000f\000e\000r\000e\000n\000c\000e}{chapter.5}% 33
\BOOKMARK [2][-]{subsection.5.4.1}{\376\377\0005\000.\0004\000.\0001\000\040\000D\000e\000t\000a\000i\000l\000e\000d\000\040\000D\000e\000s\000c\000r\000i\000p\000t\000i\000o\000n}{section.5.4}% 34
\BOOKMARK [1][-]{section.5.5}{\376\377\0005\000.\0005\000\040\000A\000r\000d\000u\000i\000n\000o\000\137\000W\000P\000F\000.\000V\000i\000e\000w\000M\000o\000d\000e\000l\000s\000.\000C\000u\000s\000t\000o\000m\000P\000i\000n\000V\000i\000e\000w\000M\000o\000d\000e\000l\000\040\000C\000l\000a\000s\000s\000\040\000R\000e\000f\000e\000r\000e\000n\000c\000e}{chapter.5}% 35
\BOOKMARK [2][-]{subsection.5.5.1}{\376\377\0005\000.\0005\000.\0001\000\040\000C\000o\000n\000s\000t\000r\000u\000c\000t\000o\000r\000\040\000\046\000\040\000D\000e\000s\000t\000r\000u\000c\000t\000o\000r\000\040\000D\000o\000c\000u\000m\000e\000n\000t\000a\000t\000i\000o\000n}{section.5.5}% 36
\BOOKMARK [3][-]{subsubsection.5.5.1.1}{\376\377\0005\000.\0005\000.\0001\000.\0001\000\040\000C\000u\000s\000t\000o\000m\000P\000i\000n\000V\000i\000e\000w\000M\000o\000d\000e\000l\000\050\000\051}{subsection.5.5.1}% 37
\BOOKMARK [1][-]{section.5.6}{\376\377\0005\000.\0006\000\040\000X\000a\000m\000l\000G\000e\000n\000e\000r\000a\000t\000e\000d\000N\000a\000m\000e\000s\000p\000a\000c\000e\000.\000G\000e\000n\000e\000r\000a\000t\000e\000d\000I\000n\000t\000e\000r\000n\000a\000l\000T\000y\000p\000e\000H\000e\000l\000p\000e\000r\000\040\000C\000l\000a\000s\000s\000\040\000R\000e\000f\000e\000r\000e\000n\000c\000e}{chapter.5}% 38
\BOOKMARK [2][-]{subsection.5.6.1}{\376\377\0005\000.\0006\000.\0001\000\040\000D\000e\000t\000a\000i\000l\000e\000d\000\040\000D\000e\000s\000c\000r\000i\000p\000t\000i\000o\000n}{section.5.6}% 39
\BOOKMARK [1][-]{section.5.7}{\376\377\0005\000.\0007\000\040\000A\000r\000d\000u\000i\000n\000o\000\137\000W\000P\000F\000.\000V\000i\000e\000w\000s\000.\000M\000a\000i\000n\000W\000i\000n\000d\000o\000w\000\040\000C\000l\000a\000s\000s\000\040\000R\000e\000f\000e\000r\000e\000n\000c\000e}{chapter.5}% 40
\BOOKMARK [2][-]{subsection.5.7.1}{\376\377\0005\000.\0007\000.\0001\000\040\000D\000e\000t\000a\000i\000l\000e\000d\000\040\000D\000e\000s\000c\000r\000i\000p\000t\000i\000o\000n}{section.5.7}% 41
\BOOKMARK [1][-]{section.5.8}{\376\377\0005\000.\0008\000\040\000A\000r\000d\000u\000i\000n\000o\000\137\000W\000P\000F\000.\000V\000i\000e\000w\000M\000o\000d\000e\000l\000s\000.\000M\000a\000i\000n\000W\000i\000n\000d\000o\000w\000V\000i\000e\000w\000M\000o\000d\000e\000l\000\040\000C\000l\000a\000s\000s\000\040\000R\000e\000f\000e\000r\000e\000n\000c\000e}{chapter.5}% 42
\BOOKMARK [1][-]{section.5.9}{\376\377\0005\000.\0009\000\040\000A\000r\000d\000u\000i\000n\000o\000\137\000W\000P\000F\000.\000M\000o\000d\000e\000l\000s\000.\000P\000i\000n\000\040\000C\000l\000a\000s\000s\000\040\000R\000e\000f\000e\000r\000e\000n\000c\000e}{chapter.5}% 43
\BOOKMARK [2][-]{subsection.5.9.1}{\376\377\0005\000.\0009\000.\0001\000\040\000C\000o\000n\000s\000t\000r\000u\000c\000t\000o\000r\000\040\000\046\000\040\000D\000e\000s\000t\000r\000u\000c\000t\000o\000r\000\040\000D\000o\000c\000u\000m\000e\000n\000t\000a\000t\000i\000o\000n}{section.5.9}% 44
\BOOKMARK [3][-]{subsubsection.5.9.1.1}{\376\377\0005\000.\0009\000.\0001\000.\0001\000\040\000P\000i\000n\000\050\000\051}{subsection.5.9.1}% 45
\BOOKMARK [2][-]{subsection.5.9.2}{\376\377\0005\000.\0009\000.\0002\000\040\000M\000e\000m\000b\000e\000r\000\040\000F\000u\000n\000c\000t\000i\000o\000n\000\040\000D\000o\000c\000u\000m\000e\000n\000t\000a\000t\000i\000o\000n}{section.5.9}% 46
\BOOKMARK [3][-]{subsubsection.5.9.2.1}{\376\377\0005\000.\0009\000.\0002\000.\0001\000\040\000R\000e\000a\000d\000P\000i\000n\000D\000a\000t\000a\000\050\000\051}{subsection.5.9.2}% 47
\BOOKMARK [3][-]{subsubsection.5.9.2.2}{\376\377\0005\000.\0009\000.\0002\000.\0002\000\040\000W\000r\000i\000t\000e\000P\000i\000n\000D\000a\000t\000a\000\050\000\051}{subsection.5.9.2}% 48
\BOOKMARK [1][-]{section.5.10}{\376\377\0005\000.\0001\0000\000\040\000A\000r\000d\000u\000i\000n\000o\000\137\000W\000P\000F\000.\000V\000i\000e\000w\000s\000.\000P\000i\000n\000V\000i\000e\000w\000\040\000C\000l\000a\000s\000s\000\040\000R\000e\000f\000e\000r\000e\000n\000c\000e}{chapter.5}% 49
\BOOKMARK [2][-]{subsection.5.10.1}{\376\377\0005\000.\0001\0000\000.\0001\000\040\000D\000e\000t\000a\000i\000l\000e\000d\000\040\000D\000e\000s\000c\000r\000i\000p\000t\000i\000o\000n}{section.5.10}% 50
\BOOKMARK [1][-]{section.5.11}{\376\377\0005\000.\0001\0001\000\040\000A\000r\000d\000u\000i\000n\000o\000\137\000W\000P\000F\000.\000V\000i\000e\000w\000M\000o\000d\000e\000l\000s\000.\000P\000i\000n\000V\000i\000e\000w\000V\000i\000e\000w\000M\000o\000d\000e\000l\000\040\000C\000l\000a\000s\000s\000\040\000R\000e\000f\000e\000r\000e\000n\000c\000e}{chapter.5}% 51
\BOOKMARK [1][-]{section.5.12}{\376\377\0005\000.\0001\0002\000\040\000A\000r\000d\000u\000i\000n\000o\000\137\000W\000P\000F\000.\000U\000t\000i\000l\000s\000.\000P\000r\000e\000s\000e\000t\000J\000s\000o\000n\000L\000o\000a\000d\000e\000r\000\040\000C\000l\000a\000s\000s\000\040\000R\000e\000f\000e\000r\000e\000n\000c\000e}{chapter.5}% 52
\BOOKMARK [2][-]{subsection.5.12.1}{\376\377\0005\000.\0001\0002\000.\0001\000\040\000M\000e\000m\000b\000e\000r\000\040\000F\000u\000n\000c\000t\000i\000o\000n\000\040\000D\000o\000c\000u\000m\000e\000n\000t\000a\000t\000i\000o\000n}{section.5.12}% 53
\BOOKMARK [3][-]{subsubsection.5.12.1.1}{\376\377\0005\000.\0001\0002\000.\0001\000.\0001\000\040\000G\000e\000t\000P\000r\000e\000s\000e\000t\000A\000n\000a\000l\000o\000g\000C\000o\000n\000f\000i\000g\000u\000r\000a\000t\000i\000o\000n\000s\000\050\000\051}{subsection.5.12.1}% 54
\BOOKMARK [3][-]{subsubsection.5.12.1.2}{\376\377\0005\000.\0001\0002\000.\0001\000.\0002\000\040\000G\000e\000t\000P\000r\000e\000s\000e\000t\000C\000o\000n\000f\000i\000g\000u\000r\000a\000t\000i\000o\000n\000s\000\050\000\051}{subsection.5.12.1}% 55
\BOOKMARK [3][-]{subsubsection.5.12.1.3}{\376\377\0005\000.\0001\0002\000.\0001\000.\0003\000\040\000L\000o\000a\000d\000C\000o\000n\000f\000i\000g\000u\000r\000a\000t\000i\000o\000n\000s\000F\000r\000o\000m\000F\000i\000l\000e\000\050\000\051}{subsection.5.12.1}% 56
\BOOKMARK [3][-]{subsubsection.5.12.1.4}{\376\377\0005\000.\0001\0002\000.\0001\000.\0004\000\040\000L\000o\000a\000d\000P\000r\000e\000s\000e\000t\000J\000s\000o\000n\000C\000o\000n\000f\000i\000g\000u\000r\000a\000t\000i\000o\000n\000s\000\050\000\051}{subsection.5.12.1}% 57
\BOOKMARK [1][-]{section.5.13}{\376\377\0005\000.\0001\0003\000\040\000A\000r\000d\000u\000i\000n\000o\000\137\000W\000P\000F\000.\000V\000i\000e\000w\000s\000.\000S\000e\000r\000i\000a\000l\000C\000o\000n\000n\000e\000c\000t\000i\000o\000n\000V\000i\000e\000w\000\040\000C\000l\000a\000s\000s\000\040\000R\000e\000f\000e\000r\000e\000n\000c\000e}{chapter.5}% 58
\BOOKMARK [2][-]{subsection.5.13.1}{\376\377\0005\000.\0001\0003\000.\0001\000\040\000D\000e\000t\000a\000i\000l\000e\000d\000\040\000D\000e\000s\000c\000r\000i\000p\000t\000i\000o\000n}{section.5.13}% 59
\BOOKMARK [1][-]{section.5.14}{\376\377\0005\000.\0001\0004\000\040\000A\000r\000d\000u\000i\000n\000o\000\137\000W\000P\000F\000.\000V\000i\000e\000w\000M\000o\000d\000e\000l\000s\000.\000S\000e\000r\000i\000a\000l\000C\000o\000n\000n\000e\000c\000t\000i\000o\000n\000V\000i\000e\000w\000V\000i\000e\000w\000M\000o\000d\000e\000l\000\040\000C\000l\000a\000s\000s\000\040\000R\000e\000f\000e\000r\000e\000n\000c\000e}{chapter.5}% 60
\BOOKMARK [1][-]{section.5.15}{\376\377\0005\000.\0001\0005\000\040\000A\000r\000d\000u\000i\000n\000o\000\137\000W\000P\000F\000.\000V\000i\000e\000w\000M\000o\000d\000e\000l\000s\000.\000S\000e\000r\000i\000a\000l\000M\000o\000n\000i\000t\000o\000r\000V\000i\000e\000w\000M\000o\000d\000e\000l\000\040\000C\000l\000a\000s\000s\000\040\000R\000e\000f\000e\000r\000e\000n\000c\000e}{chapter.5}% 61
\BOOKMARK [1][-]{section.5.16}{\376\377\0005\000.\0001\0006\000\040\000A\000r\000d\000u\000i\000n\000o\000\137\000W\000P\000F\000.\000V\000i\000e\000w\000s\000.\000S\000e\000r\000i\000a\000l\000M\000o\000n\000i\000t\000o\000r\000W\000i\000n\000d\000o\000w\000\040\000C\000l\000a\000s\000s\000\040\000R\000e\000f\000e\000r\000e\000n\000c\000e}{chapter.5}% 62
\BOOKMARK [2][-]{subsection.5.16.1}{\376\377\0005\000.\0001\0006\000.\0001\000\040\000D\000e\000t\000a\000i\000l\000e\000d\000\040\000D\000e\000s\000c\000r\000i\000p\000t\000i\000o\000n}{section.5.16}% 63
\BOOKMARK [1][-]{section.5.17}{\376\377\0005\000.\0001\0007\000\040\000A\000r\000d\000u\000i\000n\000o\000\137\000W\000P\000F\000.\000V\000i\000e\000w\000s\000.\000S\000e\000r\000i\000a\000l\000M\000o\000n\000i\000t\000o\000r\000W\000i\000n\000o\000d\000w\000\040\000C\000l\000a\000s\000s\000\040\000R\000e\000f\000e\000r\000e\000n\000c\000e}{chapter.5}% 64
\BOOKMARK [2][-]{subsection.5.17.1}{\376\377\0005\000.\0001\0007\000.\0001\000\040\000D\000e\000t\000a\000i\000l\000e\000d\000\040\000D\000e\000s\000c\000r\000i\000p\000t\000i\000o\000n}{section.5.17}% 65
\BOOKMARK [1][-]{section.5.18}{\376\377\0005\000.\0001\0008\000\040\000A\000r\000d\000u\000i\000n\000o\000\137\000W\000P\000F\000.\000U\000t\000i\000l\000s\000.\000S\000t\000r\000i\000n\000g\000T\000o\000V\000i\000s\000i\000b\000i\000l\000i\000t\000y\000C\000o\000n\000v\000e\000r\000t\000e\000r\000\040\000C\000l\000a\000s\000s\000\040\000R\000e\000f\000e\000r\000e\000n\000c\000e}{chapter.5}% 66
\BOOKMARK [2][-]{subsection.5.18.1}{\376\377\0005\000.\0001\0008\000.\0001\000\040\000M\000e\000m\000b\000e\000r\000\040\000F\000u\000n\000c\000t\000i\000o\000n\000\040\000D\000o\000c\000u\000m\000e\000n\000t\000a\000t\000i\000o\000n}{section.5.18}% 67
\BOOKMARK [3][-]{subsubsection.5.18.1.1}{\376\377\0005\000.\0001\0008\000.\0001\000.\0001\000\040\000C\000o\000n\000v\000e\000r\000t\000\050\000\051}{subsection.5.18.1}% 68
\BOOKMARK [3][-]{subsubsection.5.18.1.2}{\376\377\0005\000.\0001\0008\000.\0001\000.\0002\000\040\000C\000o\000n\000v\000e\000r\000t\000B\000a\000c\000k\000\050\000\051}{subsection.5.18.1}% 69
\BOOKMARK [0][-]{section*.66}{\376\377\000I\000n\000d\000e\000x}{}% 70
